FRM-18108: Fallo al cargar los siguientes objetos.

Source Module: template
  Source Object: PC_CANVAS
Source Module: template
  Source Object: REPABANKS
Compilando función MENSAJE... 
   No existen errores de compilación.

Compilando procedimiento LLENA_LISTA... 
   No existen errores de compilación.

Compilando procedimiento PU_P_DESHABILITA_CAMPO... 
   No existen errores de compilación.

Compilando procedimiento PU_P_HABILITA_CAMPO... 
   No existen errores de compilación.

Compilando procedimiento PU_P_INICIALIZA... 
   No existen errores de compilación.

Compilando procedimiento PU_P_MENSAJE... 
   No existen errores de compilación.

Compilando función PU_P_REEMPLAZA_DECIMAL... 
   No existen errores de compilación.

Compilando disparador POST-FORMS-COMMIT en pantalla...
   No existen errores de compilación.

Compilando disparador WHEN-TIMER-EXPIRED en pantalla...
   No existen errores de compilación.

Compilando disparador KEY-HELP en pantalla...
   No existen errores de compilación.

Compilando disparador KEY-CLRFRM en pantalla...
   No existen errores de compilación.

Compilando disparador KEY-EXIT en pantalla...
   No existen errores de compilación.

Compilando disparador WHEN-NEW-FORM-INSTANCE en pantalla...
   No existen errores de compilación.

Compilando disparador KEY-COMMIT en pantalla...
   No existen errores de compilación.

Compilando disparador WHEN-MOUSE-CLICK en el elemento COMMIT_FORM del bloque de datos BL_TOOL_BAR...
   No existen errores de compilación.

Compilando disparador WHEN-MOUSE-ENTER en el elemento COMMIT_FORM del bloque de datos BL_TOOL_BAR...
   No existen errores de compilación.

Compilando disparador WHEN-MOUSE-LEAVE en el elemento COMMIT_FORM del bloque de datos BL_TOOL_BAR...
   No existen errores de compilación.

Compilando disparador WHEN-MOUSE-UP en el elemento COMMIT_FORM del bloque de datos BL_TOOL_BAR...
   No existen errores de compilación.

Compilando disparador WHEN-MOUSE-CLICK en el elemento CLEAR_FORM del bloque de datos BL_TOOL_BAR...
   No existen errores de compilación.

Compilando disparador WHEN-MOUSE-ENTER en el elemento CLEAR_FORM del bloque de datos BL_TOOL_BAR...
   No existen errores de compilación.

Compilando disparador WHEN-MOUSE-LEAVE en el elemento CLEAR_FORM del bloque de datos BL_TOOL_BAR...
   No existen errores de compilación.

Compilando disparador WHEN-MOUSE-UP en el elemento CLEAR_FORM del bloque de datos BL_TOOL_BAR...
   No existen errores de compilación.

Compilando disparador WHEN-MOUSE-CLICK en el elemento ENTER_QUERY del bloque de datos BL_TOOL_BAR...
   No existen errores de compilación.

Compilando disparador WHEN-MOUSE-ENTER en el elemento ENTER_QUERY del bloque de datos BL_TOOL_BAR...
   No existen errores de compilación.

Compilando disparador WHEN-MOUSE-LEAVE en el elemento ENTER_QUERY del bloque de datos BL_TOOL_BAR...
   No existen errores de compilación.

Compilando disparador WHEN-MOUSE-UP en el elemento ENTER_QUERY del bloque de datos BL_TOOL_BAR...
   No existen errores de compilación.

Compilando disparador WHEN-MOUSE-CLICK en el elemento EXECUTE_QUERY del bloque de datos BL_TOOL_BAR...
   No existen errores de compilación.

Compilando disparador WHEN-MOUSE-ENTER en el elemento EXECUTE_QUERY del bloque de datos BL_TOOL_BAR...
   No existen errores de compilación.

Compilando disparador WHEN-MOUSE-LEAVE en el elemento EXECUTE_QUERY del bloque de datos BL_TOOL_BAR...
   No existen errores de compilación.

Compilando disparador WHEN-MOUSE-UP en el elemento EXECUTE_QUERY del bloque de datos BL_TOOL_BAR...
   No existen errores de compilación.

Compilando disparador WHEN-MOUSE-CLICK en el elemento CLEAR_RECORD del bloque de datos BL_TOOL_BAR...
   No existen errores de compilación.

Compilando disparador WHEN-MOUSE-ENTER en el elemento CLEAR_RECORD del bloque de datos BL_TOOL_BAR...
   No existen errores de compilación.

Compilando disparador WHEN-MOUSE-LEAVE en el elemento CLEAR_RECORD del bloque de datos BL_TOOL_BAR...
   No existen errores de compilación.

Compilando disparador WHEN-MOUSE-UP en el elemento CLEAR_RECORD del bloque de datos BL_TOOL_BAR...
   No existen errores de compilación.

Compilando disparador WHEN-MOUSE-CLICK en el elemento EXIT_FORM del bloque de datos BL_TOOL_BAR...
   No existen errores de compilación.

Compilando disparador WHEN-MOUSE-ENTER en el elemento EXIT_FORM del bloque de datos BL_TOOL_BAR...
   No existen errores de compilación.

Compilando disparador WHEN-MOUSE-LEAVE en el elemento EXIT_FORM del bloque de datos BL_TOOL_BAR...
   No existen errores de compilación.

Compilando disparador WHEN-MOUSE-UP en el elemento EXIT_FORM del bloque de datos BL_TOOL_BAR...
   No existen errores de compilación.

Compilando disparador WHEN-MOUSE-CLICK en el elemento CREATE_RECORD del bloque de datos BL_TOOL_BAR...
   No existen errores de compilación.

Compilando disparador WHEN-MOUSE-ENTER en el elemento CREATE_RECORD del bloque de datos BL_TOOL_BAR...
   No existen errores de compilación.

Compilando disparador WHEN-MOUSE-LEAVE en el elemento CREATE_RECORD del bloque de datos BL_TOOL_BAR...
   No existen errores de compilación.

Compilando disparador WHEN-MOUSE-UP en el elemento CREATE_RECORD del bloque de datos BL_TOOL_BAR...
   No existen errores de compilación.

Compilando disparador WHEN-MOUSE-CLICK en el elemento DELETE_RECORD del bloque de datos BL_TOOL_BAR...
   No existen errores de compilación.

Compilando disparador WHEN-MOUSE-ENTER en el elemento DELETE_RECORD del bloque de datos BL_TOOL_BAR...
   No existen errores de compilación.

Compilando disparador WHEN-MOUSE-LEAVE en el elemento DELETE_RECORD del bloque de datos BL_TOOL_BAR...
   No existen errores de compilación.

Compilando disparador WHEN-MOUSE-UP en el elemento DELETE_RECORD del bloque de datos BL_TOOL_BAR...
   No existen errores de compilación.

Compilando disparador WHEN-MOUSE-CLICK en el elemento HELP del bloque de datos BL_TOOL_BAR...
   No existen errores de compilación.

Compilando disparador WHEN-MOUSE-ENTER en el elemento HELP del bloque de datos BL_TOOL_BAR...
   No existen errores de compilación.

Compilando disparador WHEN-MOUSE-LEAVE en el elemento HELP del bloque de datos BL_TOOL_BAR...
   No existen errores de compilación.

Compilando disparador WHEN-MOUSE-UP en el elemento HELP del bloque de datos BL_TOOL_BAR...
   No existen errores de compilación.

Compilando disparador WHEN-MOUSE-CLICK en el elemento CLEAR_BLOCK del bloque de datos BL_TOOL_BAR...
   No existen errores de compilación.

Compilando disparador WHEN-MOUSE-ENTER en el elemento CLEAR_BLOCK del bloque de datos BL_TOOL_BAR...
   No existen errores de compilación.

Compilando disparador WHEN-MOUSE-LEAVE en el elemento CLEAR_BLOCK del bloque de datos BL_TOOL_BAR...
   No existen errores de compilación.

Compilando disparador WHEN-MOUSE-UP en el elemento CLEAR_BLOCK del bloque de datos BL_TOOL_BAR...
   No existen errores de compilación.

Compilando disparador WHEN-MOUSE-CLICK en el elemento DUPLICATE_RECORD del bloque de datos BL_TOOL_BAR...
   No existen errores de compilación.

Compilando disparador WHEN-MOUSE-ENTER en el elemento DUPLICATE_RECORD del bloque de datos BL_TOOL_BAR...
   No existen errores de compilación.

Compilando disparador WHEN-MOUSE-LEAVE en el elemento DUPLICATE_RECORD del bloque de datos BL_TOOL_BAR...
   No existen errores de compilación.

Compilando disparador WHEN-MOUSE-UP en el elemento DUPLICATE_RECORD del bloque de datos BL_TOOL_BAR...
   No existen errores de compilación.

Compilando disparador WHEN-MOUSE-CLICK en el elemento NEXT_RECORD del bloque de datos BL_TOOL_BAR...
   No existen errores de compilación.

Compilando disparador WHEN-MOUSE-ENTER en el elemento NEXT_RECORD del bloque de datos BL_TOOL_BAR...
   No existen errores de compilación.

Compilando disparador WHEN-MOUSE-LEAVE en el elemento NEXT_RECORD del bloque de datos BL_TOOL_BAR...
   No existen errores de compilación.

Compilando disparador WHEN-MOUSE-UP en el elemento NEXT_RECORD del bloque de datos BL_TOOL_BAR...
   No existen errores de compilación.

Compilando disparador WHEN-MOUSE-CLICK en el elemento PREVIOUS_RECORD del bloque de datos BL_TOOL_BAR...
   No existen errores de compilación.

Compilando disparador WHEN-MOUSE-ENTER en el elemento PREVIOUS_RECORD del bloque de datos BL_TOOL_BAR...
   No existen errores de compilación.

Compilando disparador WHEN-MOUSE-LEAVE en el elemento PREVIOUS_RECORD del bloque de datos BL_TOOL_BAR...
   No existen errores de compilación.

Compilando disparador WHEN-MOUSE-UP en el elemento PREVIOUS_RECORD del bloque de datos BL_TOOL_BAR...
   No existen errores de compilación.

Compilando disparador WHEN-MOUSE-CLICK en el elemento NEXT_BLOCK del bloque de datos BL_TOOL_BAR...
   No existen errores de compilación.

Compilando disparador WHEN-MOUSE-ENTER en el elemento NEXT_BLOCK del bloque de datos BL_TOOL_BAR...
   No existen errores de compilación.

Compilando disparador WHEN-MOUSE-LEAVE en el elemento NEXT_BLOCK del bloque de datos BL_TOOL_BAR...
   No existen errores de compilación.

Compilando disparador WHEN-MOUSE-UP en el elemento NEXT_BLOCK del bloque de datos BL_TOOL_BAR...
   No existen errores de compilación.

Compilando disparador WHEN-MOUSE-CLICK en el elemento PREVIOUS_BLOCK del bloque de datos BL_TOOL_BAR...
   No existen errores de compilación.

Compilando disparador WHEN-MOUSE-ENTER en el elemento PREVIOUS_BLOCK del bloque de datos BL_TOOL_BAR...
   No existen errores de compilación.

Compilando disparador WHEN-MOUSE-LEAVE en el elemento PREVIOUS_BLOCK del bloque de datos BL_TOOL_BAR...
   No existen errores de compilación.

Compilando disparador WHEN-MOUSE-UP en el elemento PREVIOUS_BLOCK del bloque de datos BL_TOOL_BAR...
   No existen errores de compilación.

Compilando disparador WHEN-MOUSE-CLICK en el elemento SHOW_KEYS del bloque de datos BL_TOOL_BAR...
   No existen errores de compilación.

Compilando disparador WHEN-MOUSE-ENTER en el elemento SHOW_KEYS del bloque de datos BL_TOOL_BAR...
   No existen errores de compilación.

Compilando disparador WHEN-MOUSE-LEAVE en el elemento SHOW_KEYS del bloque de datos BL_TOOL_BAR...
   No existen errores de compilación.

Compilando disparador WHEN-MOUSE-UP en el elemento SHOW_KEYS del bloque de datos BL_TOOL_BAR...
   No existen errores de compilación.

Compilando disparador WHEN-MOUSE-CLICK en el elemento IDIOMA del bloque de datos BL_TOOL_BAR...
   No existen errores de compilación.

Compilando disparador WHEN-MOUSE-ENTER en el elemento IDIOMA del bloque de datos BL_TOOL_BAR...
   No existen errores de compilación.

Compilando disparador WHEN-MOUSE-LEAVE en el elemento IDIOMA del bloque de datos BL_TOOL_BAR...
   No existen errores de compilación.

Compilando disparador WHEN-MOUSE-UP en el elemento IDIOMA del bloque de datos BL_TOOL_BAR...
   No existen errores de compilación.

Compilando disparador WHEN-BUTTON-PRESSED en el elemento IDIOMA del bloque de datos BL_TOOL_BAR...
   No existen errores de compilación.

Compilando disparador WHEN-BUTTON-PRESSED en el elemento DUMMY del bloque de datos WEBUTIL...
   No existen errores de compilación.

Compilando disparador WHEN-CUSTOM-ITEM-EVENT en el elemento WEBUTIL_CLIENTINFO_FUNCTIONS del bloque de datos WEBUTIL...
   No existen errores de compilación.

Compilando disparador WHEN-CUSTOM-ITEM-EVENT en el elemento WEBUTIL_FILE_FUNCTIONS del bloque de datos WEBUTIL...
   No existen errores de compilación.

Compilando disparador WHEN-CUSTOM-ITEM-EVENT en el elemento WEBUTIL_HOST_FUNCTIONS del bloque de datos WEBUTIL...
   No existen errores de compilación.

Compilando disparador WHEN-CUSTOM-ITEM-EVENT en el elemento WEBUTIL_SESSION_FUNCTIONS del bloque de datos WEBUTIL...
   No existen errores de compilación.

Compilando disparador WHEN-CUSTOM-ITEM-EVENT en el elemento WEBUTIL_FILETRANSFER_FUNCTIONS del bloque de datos WEBUTIL...
   No existen errores de compilación.

Compilando disparador WHEN-CUSTOM-ITEM-EVENT en el elemento WEBUTIL_OLE_FUNCTIONS del bloque de datos WEBUTIL...
   No existen errores de compilación.

Compilando disparador WHEN-CUSTOM-ITEM-EVENT en el elemento WEBUTIL_C_API_FUNCTIONS del bloque de datos WEBUTIL...
   No existen errores de compilación.

Compilando disparador WHEN-CUSTOM-ITEM-EVENT en el elemento WEBUTIL_BROWSER_FUNCTIONS del bloque de datos WEBUTIL...
   No existen errores de compilación.

Compilando disparador POST-QUERY en el bloque de datos BL_ANALISIS_OPERACION...
   No existen errores de compilación.

Compilando disparador WHEN-VALIDATE-ITEM en el elemento CODIGO_TIPO_ID del bloque de datos BL_ANALISIS_OPERACION...
   No existen errores de compilación.

Compilando disparador WHEN-VALIDATE-ITEM en el elemento TIPO_OPERACION del bloque de datos BL_ANALISIS_OPERACION...
   No existen errores de compilación.

Compilando disparador WHEN-MOUSE-CLICK en clase de propiedad PC_TOOL_BAR...
   No existen errores de compilación.

Compilando disparador WHEN-MOUSE-ENTER en clase de propiedad PC_TOOL_BAR...
   No existen errores de compilación.

Compilando disparador WHEN-MOUSE-LEAVE en clase de propiedad PC_TOOL_BAR...
   No existen errores de compilación.

Compilando disparador WHEN-MOUSE-UP en clase de propiedad PC_TOOL_BAR...
   No existen errores de compilación.

Compilando disparador WHEN-MOUSE-CLICK en clase de propiedad PC_LOV...
   No existen errores de compilación.

Compilando disparador WHEN-NEW-ITEM-INSTANCE en clase de propiedad PC_RESULTADO_VALOR...
   No existen errores de compilación.

Compilando disparador WHEN-NEW-ITEM-INSTANCE en clase de propiedad PC_RESULTADO_MONTO...
   No existen errores de compilación.


Archivo de pantallas BPR9052.fmx creado
